<?xml version="1.0" encoding="UTF-8" ?>
<testsuites disabled="0" errors="0" failures="0" tests="17" time="37.085">
 <testsuite name="Guru99Bank LoginPage TestCases WorkFlow " timestamp="2021-12-10T18:22:26" hostname="localhost" time="9.845" errors="0" tests="4" skipped="0" disabled="0" failures="0">
  <testcase classname="Guru99Bank LoginPage TestCases WorkFlow " name="Verify userId label on login page is UserID" time="0.428" />
  <testcase classname="Guru99Bank LoginPage TestCases WorkFlow " name="Verify password label on login page is Password" time="0.5" />
  <testcase classname="Guru99Bank LoginPage TestCases WorkFlow " name="Verify alert text without entering UserId and Password is User or Password is not valid" time="0.766" />
  <testcase classname="Guru99Bank LoginPage TestCases WorkFlow " name="Login to Guru99Bank application" time="4.83" />
 </testsuite>
 <testsuite name="Guru99Bank HomePage TestCases Workflow" timestamp="2021-12-10T18:22:36" hostname="localhost" time="5.188" errors="0" tests="2" skipped="0" disabled="0" failures="0">
  <testcase classname="Guru99Bank HomePage TestCases Workflow" name="Verify user should able to seen welcome message after login" time="0.228" />
  <testcase classname="Guru99Bank HomePage TestCases Workflow" name="Verify user should able to see the manager id from which he login" time="0.401" />
 </testsuite>
 <testsuite name="Guru99Bank NewCostumer Page Testcases workflow" timestamp="2021-12-10T18:22:41" hostname="localhost" time="7.123" errors="0" tests="5" skipped="0" disabled="0" failures="0">
  <testcase classname="Guru99Bank NewCostumer Page Testcases workflow" name="Verify costumer name field  with invalid name numbers " time="0.622" />
  <testcase classname="Guru99Bank NewCostumer Page Testcases workflow" name="Verify costumer name field with invalid name invallid chracters " time="0.689" />
  <testcase classname="Guru99Bank NewCostumer Page Testcases workflow" name="Verify costumer name filed with invalid name space" time="0.412" />
  <testcase classname="Guru99Bank NewCostumer Page Testcases workflow" name="Verify the maximum characters limit in costumer name filed by enterig maximum characters" time="0.462" />
  <testcase classname="Guru99Bank NewCostumer Page Testcases workflow" name="verify costumer name message without entering any value" time="0.646" />
 </testsuite>
 <testsuite name="Guru99Bank EditCostumer Page TestCases Workflow" timestamp="2021-12-10T18:22:48" hostname="localhost" time="8.125" errors="0" tests="4" skipped="0" disabled="0" failures="0">
  <testcase classname="Guru99Bank EditCostumer Page TestCases Workflow" name="verify edit costumer id by entering alphabets" time="0.412" />
  <testcase classname="Guru99Bank EditCostumer Page TestCases Workflow" name="Verify edit costumer id alert " time="0.542" />
  <testcase classname="Guru99Bank EditCostumer Page TestCases Workflow" name="Verify costumer id field by entering special characters" time="0.417" />
  <testcase classname="Guru99Bank EditCostumer Page TestCases Workflow" name="Verify costumer id field by entering space" time="0.381" />
 </testsuite>
 <testsuite name="Guru99Bank DeleteCustomer Page TestCases WorkFlow " timestamp="2021-12-10T18:22:56" hostname="localhost" time="6.804" errors="0" tests="2" skipped="0" disabled="0" failures="0">
  <testcase classname="Guru99Bank DeleteCustomer Page TestCases WorkFlow " name="Verify CustomerId Message By entering aphlabets" time="0.601" />
  <testcase classname="Guru99Bank DeleteCustomer Page TestCases WorkFlow " name="Verify CustomerId Message By entering specialcharacters" time="0.631" />
 </testsuite>
</testsuites>