<?xml version="1.0" encoding="UTF-8" ?>
<testsuites disabled="0" errors="0" failures="0" tests="17" time="15.12">
 <testsuite name="Guru99Bank LoginPage TestCases WorkFlow " timestamp="2025-10-16T11:41:49" hostname="localhost" time="4.218" errors="0" tests="4" skipped="0" disabled="0" failures="0">
  <testcase classname="Guru99Bank LoginPage TestCases WorkFlow " name="Verify userId label on login page is UserID" time="0.028" />
  <testcase classname="Guru99Bank LoginPage TestCases WorkFlow " name="Verify password label on login page is Password" time="0.027" />
  <testcase classname="Guru99Bank LoginPage TestCases WorkFlow " name="Verify alert text without entering UserId and Password is User or Password is not valid" time="0.287" />
  <testcase classname="Guru99Bank LoginPage TestCases WorkFlow " name="Login to Guru99Bank application" time="1.873" />
 </testsuite>
 <testsuite name="Guru99Bank HomePage TestCases Workflow" timestamp="2025-10-16T11:41:54" hostname="localhost" time="1.681" errors="0" tests="2" skipped="0" disabled="0" failures="0">
  <testcase classname="Guru99Bank HomePage TestCases Workflow" name="Verify user should able to seen welcome message after login" time="0.777" />
  <testcase classname="Guru99Bank HomePage TestCases Workflow" name="Verify user should able to see the manager id from which he login" time="0.023" />
 </testsuite>
 <testsuite name="Guru99Bank NewCostumer Page Testcases workflow" timestamp="2025-10-16T11:41:55" hostname="localhost" time="2.446" errors="0" tests="5" skipped="0" disabled="0" failures="0">
  <testcase classname="Guru99Bank NewCostumer Page Testcases workflow" name="Verify costumer name field  with invalid name numbers " time="0.079" />
  <testcase classname="Guru99Bank NewCostumer Page Testcases workflow" name="Verify costumer name field with invalid name invallid chracters " time="0.072" />
  <testcase classname="Guru99Bank NewCostumer Page Testcases workflow" name="Verify costumer name filed with invalid name space" time="0.048" />
  <testcase classname="Guru99Bank NewCostumer Page Testcases workflow" name="Verify the maximum characters limit in costumer name filed by enterig maximum characters" time="0.048" />
  <testcase classname="Guru99Bank NewCostumer Page Testcases workflow" name="verify costumer name message without entering any value" time="0.18" />
 </testsuite>
 <testsuite name="Guru99Bank EditCostumer Page TestCases Workflow" timestamp="2025-10-16T11:41:58" hostname="localhost" time="2.726" errors="0" tests="4" skipped="0" disabled="0" failures="0">
  <testcase classname="Guru99Bank EditCostumer Page TestCases Workflow" name="verify edit costumer id by entering alphabets" time="0.078" />
  <testcase classname="Guru99Bank EditCostumer Page TestCases Workflow" name="Verify edit costumer id alert " time="0.151" />
  <testcase classname="Guru99Bank EditCostumer Page TestCases Workflow" name="Verify costumer id field by entering special characters" time="0.075" />
  <testcase classname="Guru99Bank EditCostumer Page TestCases Workflow" name="Verify costumer id field by entering space" time="0.058" />
 </testsuite>
 <testsuite name="Guru99Bank DeleteCustomer Page TestCases WorkFlow " timestamp="2025-10-16T11:42:00" hostname="localhost" time="4.049" errors="0" tests="2" skipped="0" disabled="0" failures="0">
  <testcase classname="Guru99Bank DeleteCustomer Page TestCases WorkFlow " name="Verify CustomerId Message By entering aphlabets" time="0.074" />
  <testcase classname="Guru99Bank DeleteCustomer Page TestCases WorkFlow " name="Verify CustomerId Message By entering specialcharacters" time="0.067" />
 </testsuite>
</testsuites>